This is pdfTeX, Version 3.141592653-2.6-1.40.24 (TeX Live 2022/Debian) (preloaded format=pdflatex 2023.9.27)  9 OCT 2023 20:04
entering extended mode
 restricted \write18 enabled.
 %&-line parsing enabled.
**Comp_Lab1_Report.tex
(./Comp_Lab1_Report.tex
LaTeX2e <2022-11-01> patch level 1
L3 programming layer <2023-01-16>
(/usr/share/texlive/texmf-dist/tex/latex/base/article.cls
Document Class: article 2022/07/02 v1.4n Standard LaTeX document class
(/usr/share/texlive/texmf-dist/tex/latex/base/size10.clo
File: size10.clo 2022/07/02 v1.4n Standard LaTeX file (size option)
)
\c@part=\count185
\c@section=\count186
\c@subsection=\count187
\c@subsubsection=\count188
\c@paragraph=\count189
\c@subparagraph=\count190
\c@figure=\count191
\c@table=\count192
\abovecaptionskip=\skip48
\belowcaptionskip=\skip49
\bibindent=\dimen140
)
(/usr/share/texlive/texmf-dist/tex/latex/graphics/graphicx.sty
Package: graphicx 2021/09/16 v1.2d Enhanced LaTeX Graphics (DPC,SPQR)

(/usr/share/texlive/texmf-dist/tex/latex/graphics/keyval.sty
Package: keyval 2022/05/29 v1.15 key=value parser (DPC)
\KV@toks@=\toks16
)
(/usr/share/texlive/texmf-dist/tex/latex/graphics/graphics.sty
Package: graphics 2022/03/10 v1.4e Standard LaTeX Graphics (DPC,SPQR)

(/usr/share/texlive/texmf-dist/tex/latex/graphics/trig.sty
Package: trig 2021/08/11 v1.11 sin cos tan (DPC)
)
(/usr/share/texlive/texmf-dist/tex/latex/graphics-cfg/graphics.cfg
File: graphics.cfg 2016/06/04 v1.11 sample graphics configuration
)
Package graphics Info: Driver file: pdftex.def on input line 107.

(/usr/share/texlive/texmf-dist/tex/latex/graphics-def/pdftex.def
File: pdftex.def 2022/09/22 v1.2b Graphics/color driver for pdftex
))
\Gin@req@height=\dimen141
\Gin@req@width=\dimen142
)
(/usr/share/texlive/texmf-dist/tex/latex/mathtools/mathtools.sty
Package: mathtools 2022/06/29 v1.29 mathematical typesetting tools

(/usr/share/texlive/texmf-dist/tex/latex/tools/calc.sty
Package: calc 2017/05/25 v4.3 Infix arithmetic (KKT,FJ)
\calc@Acount=\count193
\calc@Bcount=\count194
\calc@Adimen=\dimen143
\calc@Bdimen=\dimen144
\calc@Askip=\skip50
\calc@Bskip=\skip51
LaTeX Info: Redefining \setlength on input line 80.
LaTeX Info: Redefining \addtolength on input line 81.
\calc@Ccount=\count195
\calc@Cskip=\skip52
)
(/usr/share/texlive/texmf-dist/tex/latex/mathtools/mhsetup.sty
Package: mhsetup 2021/03/18 v1.4 programming setup (MH)
)
(/usr/share/texlive/texmf-dist/tex/latex/amsmath/amsmath.sty
Package: amsmath 2022/04/08 v2.17n AMS math features
\@mathmargin=\skip53

For additional information on amsmath, use the `?' option.
(/usr/share/texlive/texmf-dist/tex/latex/amsmath/amstext.sty
Package: amstext 2021/08/26 v2.01 AMS text

(/usr/share/texlive/texmf-dist/tex/latex/amsmath/amsgen.sty
File: amsgen.sty 1999/11/30 v2.0 generic functions
\@emptytoks=\toks17
\ex@=\dimen145
))
(/usr/share/texlive/texmf-dist/tex/latex/amsmath/amsbsy.sty
Package: amsbsy 1999/11/29 v1.2d Bold Symbols
\pmbraise@=\dimen146
)
(/usr/share/texlive/texmf-dist/tex/latex/amsmath/amsopn.sty
Package: amsopn 2022/04/08 v2.04 operator names
)
\inf@bad=\count196
LaTeX Info: Redefining \frac on input line 234.
\uproot@=\count197
\leftroot@=\count198
LaTeX Info: Redefining \overline on input line 399.
LaTeX Info: Redefining \colon on input line 410.
\classnum@=\count199
\DOTSCASE@=\count266
LaTeX Info: Redefining \ldots on input line 496.
LaTeX Info: Redefining \dots on input line 499.
LaTeX Info: Redefining \cdots on input line 620.
\Mathstrutbox@=\box51
\strutbox@=\box52
LaTeX Info: Redefining \big on input line 722.
LaTeX Info: Redefining \Big on input line 723.
LaTeX Info: Redefining \bigg on input line 724.
LaTeX Info: Redefining \Bigg on input line 725.
\big@size=\dimen147
LaTeX Font Info:    Redeclaring font encoding OML on input line 743.
LaTeX Font Info:    Redeclaring font encoding OMS on input line 744.
\macc@depth=\count267
LaTeX Info: Redefining \bmod on input line 905.
LaTeX Info: Redefining \pmod on input line 910.
LaTeX Info: Redefining \smash on input line 940.
LaTeX Info: Redefining \relbar on input line 970.
LaTeX Info: Redefining \Relbar on input line 971.
\c@MaxMatrixCols=\count268
\dotsspace@=\muskip16
\c@parentequation=\count269
\dspbrk@lvl=\count270
\tag@help=\toks18
\row@=\count271
\column@=\count272
\maxfields@=\count273
\andhelp@=\toks19
\eqnshift@=\dimen148
\alignsep@=\dimen149
\tagshift@=\dimen150
\tagwidth@=\dimen151
\totwidth@=\dimen152
\lineht@=\dimen153
\@envbody=\toks20
\multlinegap=\skip54
\multlinetaggap=\skip55
\mathdisplay@stack=\toks21
LaTeX Info: Redefining \[ on input line 2953.
LaTeX Info: Redefining \] on input line 2954.
)
\g_MT_multlinerow_int=\count274
\l_MT_multwidth_dim=\dimen154
\origjot=\skip56
\l_MT_shortvdotswithinadjustabove_dim=\dimen155
\l_MT_shortvdotswithinadjustbelow_dim=\dimen156
\l_MT_above_intertext_sep=\dimen157
\l_MT_below_intertext_sep=\dimen158
\l_MT_above_shortintertext_sep=\dimen159
\l_MT_below_shortintertext_sep=\dimen160
\xmathstrut@box=\box53
\xmathstrut@dim=\dimen161
)
(/usr/share/texlive/texmf-dist/tex/latex/l3packages/xfrac/xfrac.sty
(/usr/share/texlive/texmf-dist/tex/latex/l3kernel/expl3.sty
Package: expl3 2023-01-16 L3 programming layer (loader) 

(/usr/share/texlive/texmf-dist/tex/latex/l3backend/l3backend-pdftex.def
File: l3backend-pdftex.def 2023-01-16 L3 backend support: PDF output (pdfTeX)
\l__color_backend_stack_int=\count275
\l__pdf_internal_box=\box54
))
(/usr/share/texlive/texmf-dist/tex/latex/l3packages/l3keys2e/l3keys2e.sty
Package: l3keys2e 2023-01-16 LaTeX2e option processing using LaTeX3 keys
)
(/usr/share/texlive/texmf-dist/tex/latex/base/textcomp.sty
Package: textcomp 2020/02/02 v2.0n Standard LaTeX package
)
(/usr/share/texlive/texmf-dist/tex/latex/l3packages/xparse/xparse.sty
Package: xparse 2023-01-16 L3 Experimental document command parser
)
(/usr/share/texlive/texmf-dist/tex/latex/l3packages/xtemplate/xtemplate.sty
Package: xtemplate 2023-01-16 L3 Experimental prototype document functions
\l__xtemplate_tmp_dim=\dimen162
\l__xtemplate_tmp_int=\count276
\l__xtemplate_tmp_muskip=\muskip17
\l__xtemplate_tmp_skip=\skip57
)
Package: xfrac 2023-01-16 L3 Experimental split-level fractions
\l__xfrac_slash_box=\box55
\l__xfrac_tmp_box=\box56
\l__xfrac_denominator_bot_sep_dim=\dimen163
\l__xfrac_numerator_bot_sep_dim=\dimen164
\l__xfrac_numerator_top_sep_dim=\dimen165
\l__xfrac_slash_left_sep_dim=\dimen166
\l__xfrac_slash_right_sep_dim=\dimen167
\l__xfrac_slash_left_muskip=\muskip18
\l__xfrac_slash_right_muskip=\muskip19

Package xtemplate Info: Declaring object type 'xfrac' taking 3 argument(s) on
(xtemplate)             line 80.

)
(/usr/share/texlive/texmf-dist/tex/latex/listings/listings.sty
\lst@mode=\count277
\lst@gtempboxa=\box57
\lst@token=\toks22
\lst@length=\count278
\lst@currlwidth=\dimen168
\lst@column=\count279
\lst@pos=\count280
\lst@lostspace=\dimen169
\lst@width=\dimen170
\lst@newlines=\count281
\lst@lineno=\count282
\lst@maxwidth=\dimen171

(/usr/share/texlive/texmf-dist/tex/latex/listings/lstmisc.sty
File: lstmisc.sty 2020/03/24 1.8d (Carsten Heinz)
\c@lstnumber=\count283
\lst@skipnumbers=\count284
\lst@framebox=\box58
)
(/usr/share/texlive/texmf-dist/tex/latex/listings/listings.cfg
File: listings.cfg 2020/03/24 1.8d listings configuration
))
Package: listings 2020/03/24 1.8d (Carsten Heinz)

(/usr/share/texlive/texmf-dist/tex/latex/float/float.sty
Package: float 2001/11/08 v1.3d Float enhancements (AL)
\c@float@type=\count285
\float@exts=\toks23
\float@box=\box59
\@float@everytoks=\toks24
\@floatcapt=\box60
)
(./Comp_Lab1_Report.aux)
\openout1 = `Comp_Lab1_Report.aux'.

LaTeX Font Info:    Checking defaults for OML/cmm/m/it on input line 14.
LaTeX Font Info:    ... okay on input line 14.
LaTeX Font Info:    Checking defaults for OMS/cmsy/m/n on input line 14.
LaTeX Font Info:    ... okay on input line 14.
LaTeX Font Info:    Checking defaults for OT1/cmr/m/n on input line 14.
LaTeX Font Info:    ... okay on input line 14.
LaTeX Font Info:    Checking defaults for T1/cmr/m/n on input line 14.
LaTeX Font Info:    ... okay on input line 14.
LaTeX Font Info:    Checking defaults for TS1/cmr/m/n on input line 14.
LaTeX Font Info:    ... okay on input line 14.
LaTeX Font Info:    Checking defaults for OMX/cmex/m/n on input line 14.
LaTeX Font Info:    ... okay on input line 14.
LaTeX Font Info:    Checking defaults for U/cmr/m/n on input line 14.
LaTeX Font Info:    ... okay on input line 14.

(/usr/share/texlive/texmf-dist/tex/context/base/mkii/supp-pdf.mkii
[Loading MPS to PDF converter (version 2006.09.02).]
\scratchcounter=\count286
\scratchdimen=\dimen172
\scratchbox=\box61
\nofMPsegments=\count287
\nofMParguments=\count288
\everyMPshowfont=\toks25
\MPscratchCnt=\count289
\MPscratchDim=\dimen173
\MPnumerator=\count290
\makeMPintoPDFobject=\count291
\everyMPtoPDFconversion=\toks26
) (/usr/share/texlive/texmf-dist/tex/latex/epstopdf-pkg/epstopdf-base.sty
Package: epstopdf-base 2020-01-24 v2.11 Base part for package epstopdf
Package epstopdf-base Info: Redefining graphics rule for `.eps' on input line 4
85.

(/usr/share/texlive/texmf-dist/tex/latex/latexconfig/epstopdf-sys.cfg
File: epstopdf-sys.cfg 2010/07/13 v1.3 Configuration of (r)epstopdf for TeX Liv
e
))
\c@lstlisting=\count292

(./Comp_Lab1_Report.toc)
\tf@toc=\write3
\openout3 = `Comp_Lab1_Report.toc'.

 [1

{/var/lib/texmf/fonts/map/pdftex/updmap/pdftex.map}]
Underfull \hbox (badness 10000) in paragraph at lines 35--38

 []

</home/dj-lawton/Documents/SF Lab Plots/Lab1 Plots/quadratic_graph_Ex2.pdf, id=
12, 433.62pt x 289.08pt>
File: /home/dj-lawton/Documents/SF Lab Plots/Lab1 Plots/quadratic_graph_Ex2.pdf
 Graphic file (type pdf)
<use /home/dj-lawton/Documents/SF Lab Plots/Lab1 Plots/quadratic_graph_Ex2.pdf>

Package pdftex.def Info: /home/dj-lawton/Documents/SF Lab Plots/Lab1 Plots/quad
ratic_graph_Ex2.pdf  used on input line 51.
(pdftex.def)             Requested size: 341.4511pt x 227.62082pt.

LaTeX Warning: `h' float specifier changed to `ht'.

[2] [3 </home/dj-lawton/Documents/SF Lab Plots/Lab1 Plots/quadratic_graph_Ex2.p
df>]
LaTeX Font Info:    Trying to load font information for OML+cmr on input line 7
0.
 (/usr/share/texlive/texmf-dist/tex/latex/base/omlcmr.fd
File: omlcmr.fd 2022/07/10 v2.5l Standard LaTeX font definitions
)
LaTeX Font Info:    Font shape `OML/cmr/m/n' in size <10> not available
(Font)              Font shape `OML/cmm/m/it' tried instead on input line 70.
</home/dj-lawton/Documents/SF Lab Plots/Lab1 Plots/nstepstolgraph.pdf, id=35, 4
33.62pt x 289.08pt>
File: /home/dj-lawton/Documents/SF Lab Plots/Lab1 Plots/nstepstolgraph.pdf Grap
hic file (type pdf)
<use /home/dj-lawton/Documents/SF Lab Plots/Lab1 Plots/nstepstolgraph.pdf>
Package pdftex.def Info: /home/dj-lawton/Documents/SF Lab Plots/Lab1 Plots/nste
pstolgraph.pdf  used on input line 92.
(pdftex.def)             Requested size: 341.4511pt x 227.62082pt.


LaTeX Warning: `h' float specifier changed to `ht'.

[4]
Overfull \hbox (15.00366pt too wide) in paragraph at lines 116--117
[][][][][][][][][][][][][][][][][][][][] 
 []

</home/dj-lawton/Documents/SF Lab Plots/Lab1 Plots/Tol_vs_steps_Ex2.pdf, id=41,
 433.62pt x 289.08pt>
File: /home/dj-lawton/Documents/SF Lab Plots/Lab1 Plots/Tol_vs_steps_Ex2.pdf Gr
aphic file (type pdf)
<use /home/dj-lawton/Documents/SF Lab Plots/Lab1 Plots/Tol_vs_steps_Ex2.pdf>
Package pdftex.def Info: /home/dj-lawton/Documents/SF Lab Plots/Lab1 Plots/Tol_
vs_steps_Ex2.pdf  used on input line 127.
(pdftex.def)             Requested size: 341.4511pt x 227.62082pt.

LaTeX Warning: `h' float specifier changed to `ht'.


Underfull \hbox (badness 10000) in paragraph at lines 134--137

 []

[5 </home/dj-lawton/Documents/SF Lab Plots/Lab1 Plots/nstepstolgraph.pdf>]
[6 </home/dj-lawton/Documents/SF Lab Plots/Lab1 Plots/Tol_vs_steps_Ex2.pdf>]
</home/dj-lawton/Documents/SF Lab Plots/Lab1 Plots/V(x)_graph_Ex3.pdf, id=139, 
433.62pt x 289.08pt>
File: /home/dj-lawton/Documents/SF Lab Plots/Lab1 Plots/V(x)_graph_Ex3.pdf Grap
hic file (type pdf)
<use /home/dj-lawton/Documents/SF Lab Plots/Lab1 Plots/V(x)_graph_Ex3.pdf>
Package pdftex.def Info: /home/dj-lawton/Documents/SF Lab Plots/Lab1 Plots/V(x)
_graph_Ex3.pdf  used on input line 140.
(pdftex.def)             Requested size: 341.4511pt x 227.62082pt.
</home/dj-lawton/Documents/SF Lab Plots/Lab1 Plots/V'(x)_graph_Ex3.pdf, id=140,
 433.62pt x 289.08pt>
File: /home/dj-lawton/Documents/SF Lab Plots/Lab1 Plots/V'(x)_graph_Ex3.pdf Gra
phic file (type pdf)
<use /home/dj-lawton/Documents/SF Lab Plots/Lab1 Plots/V'(x)_graph_Ex3.pdf>
Package pdftex.def Info: /home/dj-lawton/Documents/SF Lab Plots/Lab1 Plots/V'(x
)_graph_Ex3.pdf  used on input line 147.
(pdftex.def)             Requested size: 341.4511pt x 227.62082pt.

[7 </home/dj-lawton/Documents/SF Lab Plots/Lab1 Plots/V(x)_graph_Ex3.pdf> </hom
e/dj-lawton/Documents/SF Lab Plots/Lab1 Plots/V'(x)_graph_Ex3.pdf>]
Underfull \hbox (badness 10000) in paragraph at lines 154--166

 []


Overfull \hbox (1.13968pt too wide) in paragraph at lines 170--180
[][] 
 []


Underfull \hbox (badness 10000) in paragraph at lines 167--180

 []

[8] [9]
Overfull \hbox (63.00415pt too wide) in paragraph at lines 231--232
[][][][][][][][][][][][][][][][][][][][][][][] 
 []

[10]
Overfull \hbox (3.00354pt too wide) in paragraph at lines 309--310
[][][][][][][][][][][][][][][][] 
 []

LaTeX Font Info:    Trying to load font information for OMS+cmr on input line 3
14.
(/usr/share/texlive/texmf-dist/tex/latex/base/omscmr.fd
File: omscmr.fd 2022/07/10 v2.5l Standard LaTeX font definitions
)
LaTeX Font Info:    Font shape `OMS/cmr/m/n' in size <10> not available
(Font)              Font shape `OMS/cmsy/m/n' tried instead on input line 314.
 [11]
Overfull \hbox (33.00385pt too wide) in paragraph at lines 353--354
[][][][][][][][][][][][][][][][][][][][][] 
 []

[12]
Overfull \hbox (39.0039pt too wide) in paragraph at lines 371--372
[][][][][][][][][][][][][][][][][][][] 
 []


Overfull \hbox (3.00354pt too wide) in paragraph at lines 391--392
[][][][][][][][][][][][][][][][] 
 []

[13]
Overfull \hbox (33.00385pt too wide) in paragraph at lines 434--435
[][][][][][][][][][][][][][][][][][][][][] 
 []


Overfull \hbox (9.0036pt too wide) in paragraph at lines 451--452
[][][][][][][][][][][][][][][][][][][][][][][][][][][][][][][][][] 
 []

[14] [15] (./Comp_Lab1_Report.aux)

LaTeX Font Warning: Size substitutions with differences
(Font)              up to 3.25pt have occurred.

 ) 
Here is how much of TeX's memory you used:
 5059 strings out of 478008
 87513 string characters out of 5839802
 1898330 words of memory out of 5000000
 25150 multiletter control sequences out of 15000+600000
 519713 words of font info for 59 fonts, out of 8000000 for 9000
 36 hyphenation exceptions out of 8191
 70i,11n,76p,488b,1523s stack positions out of 10000i,1000n,20000p,200000b,200000s
 </home/dj-lawton/.texlive2022/texmf-var/fonts/pk/ljfour/jknappen/ec/tcrm1000
.600pk></usr/share/texlive/texmf-dist/fonts/type1/public/amsfonts/cm/cmbx10.pfb
></usr/share/texlive/texmf-dist/fonts/type1/public/amsfonts/cm/cmbx12.pfb></usr
/share/texlive/texmf-dist/fonts/type1/public/amsfonts/cm/cmmi10.pfb></usr/share
/texlive/texmf-dist/fonts/type1/public/amsfonts/cm/cmmi12.pfb></usr/share/texli
ve/texmf-dist/fonts/type1/public/amsfonts/cm/cmmi7.pfb></usr/share/texlive/texm
f-dist/fonts/type1/public/amsfonts/cm/cmr10.pfb></usr/share/texlive/texmf-dist/
fonts/type1/public/amsfonts/cm/cmr12.pfb></usr/share/texlive/texmf-dist/fonts/t
ype1/public/amsfonts/cm/cmr17.pfb></usr/share/texlive/texmf-dist/fonts/type1/pu
blic/amsfonts/cm/cmr7.pfb></usr/share/texlive/texmf-dist/fonts/type1/public/ams
fonts/cm/cmsy10.pfb></usr/share/texlive/texmf-dist/fonts/type1/public/amsfonts/
cm/cmsy7.pfb></usr/share/texlive/texmf-dist/fonts/type1/public/amsfonts/cm/cmti
10.pfb>
Output written on Comp_Lab1_Report.pdf (15 pages, 213514 bytes).
PDF statistics:
 276 PDF objects out of 1000 (max. 8388607)
 116 compressed objects within 2 object streams
 0 named destinations out of 1000 (max. 500000)
 26 words of extra memory for PDF output out of 10000 (max. 10000000)

