This is pdfTeX, Version 3.141592653-2.6-1.40.24 (TeX Live 2022/Debian) (preloaded format=pdflatex 2023.9.27)  25 OCT 2023 10:23
entering extended mode
 restricted \write18 enabled.
 %&-line parsing enabled.
**Comp_Lab2_Report.tex
(./Comp_Lab2_Report.tex
LaTeX2e <2022-11-01> patch level 1
L3 programming layer <2023-01-16>
(/usr/share/texlive/texmf-dist/tex/latex/base/article.cls
Document Class: article 2022/07/02 v1.4n Standard LaTeX document class
(/usr/share/texlive/texmf-dist/tex/latex/base/size10.clo
File: size10.clo 2022/07/02 v1.4n Standard LaTeX file (size option)
)
\c@part=\count185
\c@section=\count186
\c@subsection=\count187
\c@subsubsection=\count188
\c@paragraph=\count189
\c@subparagraph=\count190
\c@figure=\count191
\c@table=\count192
\abovecaptionskip=\skip48
\belowcaptionskip=\skip49
\bibindent=\dimen140
)
(/usr/share/texlive/texmf-dist/tex/latex/graphics/graphicx.sty
Package: graphicx 2021/09/16 v1.2d Enhanced LaTeX Graphics (DPC,SPQR)

(/usr/share/texlive/texmf-dist/tex/latex/graphics/keyval.sty
Package: keyval 2022/05/29 v1.15 key=value parser (DPC)
\KV@toks@=\toks16
)
(/usr/share/texlive/texmf-dist/tex/latex/graphics/graphics.sty
Package: graphics 2022/03/10 v1.4e Standard LaTeX Graphics (DPC,SPQR)

(/usr/share/texlive/texmf-dist/tex/latex/graphics/trig.sty
Package: trig 2021/08/11 v1.11 sin cos tan (DPC)
)
(/usr/share/texlive/texmf-dist/tex/latex/graphics-cfg/graphics.cfg
File: graphics.cfg 2016/06/04 v1.11 sample graphics configuration
)
Package graphics Info: Driver file: pdftex.def on input line 107.

(/usr/share/texlive/texmf-dist/tex/latex/graphics-def/pdftex.def
File: pdftex.def 2022/09/22 v1.2b Graphics/color driver for pdftex
))
\Gin@req@height=\dimen141
\Gin@req@width=\dimen142
)
(/usr/share/texlive/texmf-dist/tex/latex/mathtools/mathtools.sty
Package: mathtools 2022/06/29 v1.29 mathematical typesetting tools

(/usr/share/texlive/texmf-dist/tex/latex/tools/calc.sty
Package: calc 2017/05/25 v4.3 Infix arithmetic (KKT,FJ)
\calc@Acount=\count193
\calc@Bcount=\count194
\calc@Adimen=\dimen143
\calc@Bdimen=\dimen144
\calc@Askip=\skip50
\calc@Bskip=\skip51
LaTeX Info: Redefining \setlength on input line 80.
LaTeX Info: Redefining \addtolength on input line 81.
\calc@Ccount=\count195
\calc@Cskip=\skip52
)
(/usr/share/texlive/texmf-dist/tex/latex/mathtools/mhsetup.sty
Package: mhsetup 2021/03/18 v1.4 programming setup (MH)
)
(/usr/share/texlive/texmf-dist/tex/latex/amsmath/amsmath.sty
Package: amsmath 2022/04/08 v2.17n AMS math features
\@mathmargin=\skip53

For additional information on amsmath, use the `?' option.
(/usr/share/texlive/texmf-dist/tex/latex/amsmath/amstext.sty
Package: amstext 2021/08/26 v2.01 AMS text

(/usr/share/texlive/texmf-dist/tex/latex/amsmath/amsgen.sty
File: amsgen.sty 1999/11/30 v2.0 generic functions
\@emptytoks=\toks17
\ex@=\dimen145
))
(/usr/share/texlive/texmf-dist/tex/latex/amsmath/amsbsy.sty
Package: amsbsy 1999/11/29 v1.2d Bold Symbols
\pmbraise@=\dimen146
)
(/usr/share/texlive/texmf-dist/tex/latex/amsmath/amsopn.sty
Package: amsopn 2022/04/08 v2.04 operator names
)
\inf@bad=\count196
LaTeX Info: Redefining \frac on input line 234.
\uproot@=\count197
\leftroot@=\count198
LaTeX Info: Redefining \overline on input line 399.
LaTeX Info: Redefining \colon on input line 410.
\classnum@=\count199
\DOTSCASE@=\count266
LaTeX Info: Redefining \ldots on input line 496.
LaTeX Info: Redefining \dots on input line 499.
LaTeX Info: Redefining \cdots on input line 620.
\Mathstrutbox@=\box51
\strutbox@=\box52
LaTeX Info: Redefining \big on input line 722.
LaTeX Info: Redefining \Big on input line 723.
LaTeX Info: Redefining \bigg on input line 724.
LaTeX Info: Redefining \Bigg on input line 725.
\big@size=\dimen147
LaTeX Font Info:    Redeclaring font encoding OML on input line 743.
LaTeX Font Info:    Redeclaring font encoding OMS on input line 744.
\macc@depth=\count267
LaTeX Info: Redefining \bmod on input line 905.
LaTeX Info: Redefining \pmod on input line 910.
LaTeX Info: Redefining \smash on input line 940.
LaTeX Info: Redefining \relbar on input line 970.
LaTeX Info: Redefining \Relbar on input line 971.
\c@MaxMatrixCols=\count268
\dotsspace@=\muskip16
\c@parentequation=\count269
\dspbrk@lvl=\count270
\tag@help=\toks18
\row@=\count271
\column@=\count272
\maxfields@=\count273
\andhelp@=\toks19
\eqnshift@=\dimen148
\alignsep@=\dimen149
\tagshift@=\dimen150
\tagwidth@=\dimen151
\totwidth@=\dimen152
\lineht@=\dimen153
\@envbody=\toks20
\multlinegap=\skip54
\multlinetaggap=\skip55
\mathdisplay@stack=\toks21
LaTeX Info: Redefining \[ on input line 2953.
LaTeX Info: Redefining \] on input line 2954.
)
\g_MT_multlinerow_int=\count274
\l_MT_multwidth_dim=\dimen154
\origjot=\skip56
\l_MT_shortvdotswithinadjustabove_dim=\dimen155
\l_MT_shortvdotswithinadjustbelow_dim=\dimen156
\l_MT_above_intertext_sep=\dimen157
\l_MT_below_intertext_sep=\dimen158
\l_MT_above_shortintertext_sep=\dimen159
\l_MT_below_shortintertext_sep=\dimen160
\xmathstrut@box=\box53
\xmathstrut@dim=\dimen161
)
(/usr/share/texlive/texmf-dist/tex/latex/l3packages/xfrac/xfrac.sty
(/usr/share/texlive/texmf-dist/tex/latex/l3kernel/expl3.sty
Package: expl3 2023-01-16 L3 programming layer (loader) 

(/usr/share/texlive/texmf-dist/tex/latex/l3backend/l3backend-pdftex.def
File: l3backend-pdftex.def 2023-01-16 L3 backend support: PDF output (pdfTeX)
\l__color_backend_stack_int=\count275
\l__pdf_internal_box=\box54
))
(/usr/share/texlive/texmf-dist/tex/latex/l3packages/l3keys2e/l3keys2e.sty
Package: l3keys2e 2023-01-16 LaTeX2e option processing using LaTeX3 keys
)
(/usr/share/texlive/texmf-dist/tex/latex/base/textcomp.sty
Package: textcomp 2020/02/02 v2.0n Standard LaTeX package
)
(/usr/share/texlive/texmf-dist/tex/latex/l3packages/xparse/xparse.sty
Package: xparse 2023-01-16 L3 Experimental document command parser
)
(/usr/share/texlive/texmf-dist/tex/latex/l3packages/xtemplate/xtemplate.sty
Package: xtemplate 2023-01-16 L3 Experimental prototype document functions
\l__xtemplate_tmp_dim=\dimen162
\l__xtemplate_tmp_int=\count276
\l__xtemplate_tmp_muskip=\muskip17
\l__xtemplate_tmp_skip=\skip57
)
Package: xfrac 2023-01-16 L3 Experimental split-level fractions
\l__xfrac_slash_box=\box55
\l__xfrac_tmp_box=\box56
\l__xfrac_denominator_bot_sep_dim=\dimen163
\l__xfrac_numerator_bot_sep_dim=\dimen164
\l__xfrac_numerator_top_sep_dim=\dimen165
\l__xfrac_slash_left_sep_dim=\dimen166
\l__xfrac_slash_right_sep_dim=\dimen167
\l__xfrac_slash_left_muskip=\muskip18
\l__xfrac_slash_right_muskip=\muskip19

Package xtemplate Info: Declaring object type 'xfrac' taking 3 argument(s) on
(xtemplate)             line 80.

)
(/usr/share/texlive/texmf-dist/tex/latex/listings/listings.sty
\lst@mode=\count277
\lst@gtempboxa=\box57
\lst@token=\toks22
\lst@length=\count278
\lst@currlwidth=\dimen168
\lst@column=\count279
\lst@pos=\count280
\lst@lostspace=\dimen169
\lst@width=\dimen170
\lst@newlines=\count281
\lst@lineno=\count282
\lst@maxwidth=\dimen171

(/usr/share/texlive/texmf-dist/tex/latex/listings/lstmisc.sty
File: lstmisc.sty 2020/03/24 1.8d (Carsten Heinz)
\c@lstnumber=\count283
\lst@skipnumbers=\count284
\lst@framebox=\box58
)
(/usr/share/texlive/texmf-dist/tex/latex/listings/listings.cfg
File: listings.cfg 2020/03/24 1.8d listings configuration
))
Package: listings 2020/03/24 1.8d (Carsten Heinz)

(/usr/share/texlive/texmf-dist/tex/latex/float/float.sty
Package: float 2001/11/08 v1.3d Float enhancements (AL)
\c@float@type=\count285
\float@exts=\toks23
\float@box=\box59
\@float@everytoks=\toks24
\@floatcapt=\box60
)
(/usr/share/texlive/texmf-dist/tex/latex/wrapfig/wrapfig.sty
\wrapoverhang=\dimen172
\WF@size=\dimen173
\c@WF@wrappedlines=\count286
\WF@box=\box61
\WF@everypar=\toks25
Package: wrapfig 2003/01/31  v 3.6
)
(./Comp_Lab2_Report.aux)
\openout1 = `Comp_Lab2_Report.aux'.

LaTeX Font Info:    Checking defaults for OML/cmm/m/it on input line 14.
LaTeX Font Info:    ... okay on input line 14.
LaTeX Font Info:    Checking defaults for OMS/cmsy/m/n on input line 14.
LaTeX Font Info:    ... okay on input line 14.
LaTeX Font Info:    Checking defaults for OT1/cmr/m/n on input line 14.
LaTeX Font Info:    ... okay on input line 14.
LaTeX Font Info:    Checking defaults for T1/cmr/m/n on input line 14.
LaTeX Font Info:    ... okay on input line 14.
LaTeX Font Info:    Checking defaults for TS1/cmr/m/n on input line 14.
LaTeX Font Info:    ... okay on input line 14.
LaTeX Font Info:    Checking defaults for OMX/cmex/m/n on input line 14.
LaTeX Font Info:    ... okay on input line 14.
LaTeX Font Info:    Checking defaults for U/cmr/m/n on input line 14.
LaTeX Font Info:    ... okay on input line 14.

(/usr/share/texlive/texmf-dist/tex/context/base/mkii/supp-pdf.mkii
[Loading MPS to PDF converter (version 2006.09.02).]
\scratchcounter=\count287
\scratchdimen=\dimen174
\scratchbox=\box62
\nofMPsegments=\count288
\nofMParguments=\count289
\everyMPshowfont=\toks26
\MPscratchCnt=\count290
\MPscratchDim=\dimen175
\MPnumerator=\count291
\makeMPintoPDFobject=\count292
\everyMPtoPDFconversion=\toks27
) (/usr/share/texlive/texmf-dist/tex/latex/epstopdf-pkg/epstopdf-base.sty
Package: epstopdf-base 2020-01-24 v2.11 Base part for package epstopdf
Package epstopdf-base Info: Redefining graphics rule for `.eps' on input line 4
85.

(/usr/share/texlive/texmf-dist/tex/latex/latexconfig/epstopdf-sys.cfg
File: epstopdf-sys.cfg 2010/07/13 v1.3 Configuration of (r)epstopdf for TeX Liv
e
))
\c@lstlisting=\count293

(./Comp_Lab2_Report.toc)
\tf@toc=\write3
\openout3 = `Comp_Lab2_Report.toc'.

 [1

{/var/lib/texmf/fonts/map/pdftex/updmap/pdftex.map}]
Underfull \hbox (badness 10000) in paragraph at lines 24--25

 []


Underfull \hbox (badness 10000) in paragraph at lines 27--29

 []

</home/dj-lawton/Documents/SF Lab Plots/Trapezoidal.png, id=11, 220.825pt x 165
.61874pt>
File: /home/dj-lawton/Documents/SF Lab Plots/Trapezoidal.png Graphic file (type
 png)
<use /home/dj-lawton/Documents/SF Lab Plots/Trapezoidal.png>
Package pdftex.def Info: /home/dj-lawton/Documents/SF Lab Plots/Trapezoidal.png
  used on input line 35.
(pdftex.def)             Requested size: 86.25pt x 64.68707pt.

Underfull \hbox (badness 1810) in paragraph at lines 36--36
\OT1/cmr/m/n/10 tion us-ing the trape-
 []


Underfull \hbox (badness 10000) in paragraph at lines 38--41

 []


Underfull \hbox (badness 10000) in paragraph at lines 44--45

 []

[2 </home/dj-lawton/Documents/SF Lab Plots/Trapezoidal.png>]
</home/dj-lawton/Documents/SF Lab Plots/R-K2nd.png, id=19, 481.8pt x 431.6125pt
>
File: /home/dj-lawton/Documents/SF Lab Plots/R-K2nd.png Graphic file (type png)

<use /home/dj-lawton/Documents/SF Lab Plots/R-K2nd.png>
Package pdftex.def Info: /home/dj-lawton/Documents/SF Lab Plots/R-K2nd.png  use
d on input line 48.
(pdftex.def)             Requested size: 86.25pt x 77.2654pt.
 [3 </home/dj-lawton/Documents/SF Lab Plots/R-K2nd.png>] [4]
</home/dj-lawton/Documents/SF Lab Plots/Lab2 Plots/Ex2/lin_vs_non-lin2.pdf, id=
29, 433.62pt x 289.08pt>
File: /home/dj-lawton/Documents/SF Lab Plots/Lab2 Plots/Ex2/lin_vs_non-lin2.pdf
 Graphic file (type pdf)
<use /home/dj-lawton/Documents/SF Lab Plots/Lab2 Plots/Ex2/lin_vs_non-lin2.pdf>

Package pdftex.def Info: /home/dj-lawton/Documents/SF Lab Plots/Lab2 Plots/Ex2/
lin_vs_non-lin2.pdf  used on input line 123.
(pdftex.def)             Requested size: 172.5pt x 114.99918pt.
</home/dj-lawton/Documents/SF Lab Plots/Lab2 Plots/Ex2/lin_vs_non-lin.pdf, id=3
0, 433.62pt x 289.08pt>
File: /home/dj-lawton/Documents/SF Lab Plots/Lab2 Plots/Ex2/lin_vs_non-lin.pdf 
Graphic file (type pdf)
<use /home/dj-lawton/Documents/SF Lab Plots/Lab2 Plots/Ex2/lin_vs_non-lin.pdf>
Package pdftex.def Info: /home/dj-lawton/Documents/SF Lab Plots/Lab2 Plots/Ex2/
lin_vs_non-lin.pdf  used on input line 123.
(pdftex.def)             Requested size: 172.5pt x 114.99918pt.

Overfull \hbox (24.00003pt too wide) in paragraph at lines 122--125
 [] 
 []

[5 </home/dj-lawton/Documents/SF Lab Plots/Lab2 Plots/Ex2/lin_vs_non-lin2.pdf> 
</home/dj-lawton/Documents/SF Lab Plots/Lab2 Plots/Ex2/lin_vs_non-lin.pdf>]
[6]
LaTeX Font Info:    Trying to load font information for OML+cmr on input line 2
07.
 (/usr/share/texlive/texmf-dist/tex/latex/base/omlcmr.fd
File: omlcmr.fd 2022/07/10 v2.5l Standard LaTeX font definitions
)
LaTeX Font Info:    Font shape `OML/cmr/m/n' in size <10> not available
(Font)              Font shape `OML/cmm/m/it' tried instead on input line 207.
 [7]
</home/dj-lawton/Documents/SF Lab Plots/Lab2 Plots/Ex1/THOM_vs_steps2.pdf, id=1
44, 433.62pt x 289.08pt>
File: /home/dj-lawton/Documents/SF Lab Plots/Lab2 Plots/Ex1/THOM_vs_steps2.pdf 
Graphic file (type pdf)
<use /home/dj-lawton/Documents/SF Lab Plots/Lab2 Plots/Ex1/THOM_vs_steps2.pdf>
Package pdftex.def Info: /home/dj-lawton/Documents/SF Lab Plots/Lab2 Plots/Ex1/
THOM_vs_steps2.pdf  used on input line 223.
(pdftex.def)             Requested size: 172.5pt x 114.99918pt.
</home/dj-lawton/Documents/SF Lab Plots/Lab2 Plots/Ex1/THOM_vs_steps3.pdf, id=1
45, 433.62pt x 289.08pt>
File: /home/dj-lawton/Documents/SF Lab Plots/Lab2 Plots/Ex1/THOM_vs_steps3.pdf 
Graphic file (type pdf)
<use /home/dj-lawton/Documents/SF Lab Plots/Lab2 Plots/Ex1/THOM_vs_steps3.pdf>
Package pdftex.def Info: /home/dj-lawton/Documents/SF Lab Plots/Lab2 Plots/Ex1/
THOM_vs_steps3.pdf  used on input line 223.
(pdftex.def)             Requested size: 172.5pt x 114.99918pt.

Overfull \hbox (24.00003pt too wide) in paragraph at lines 222--225
 [] 
 []

</home/dj-lawton/Documents/SF Lab Plots/Lab2 Plots/Ex1/THOM_vs_steps4.pdf, id=1
46, 433.62pt x 289.08pt>
File: /home/dj-lawton/Documents/SF Lab Plots/Lab2 Plots/Ex1/THOM_vs_steps4.pdf 
Graphic file (type pdf)
<use /home/dj-lawton/Documents/SF Lab Plots/Lab2 Plots/Ex1/THOM_vs_steps4.pdf>
Package pdftex.def Info: /home/dj-lawton/Documents/SF Lab Plots/Lab2 Plots/Ex1/
THOM_vs_steps4.pdf  used on input line 231.
(pdftex.def)             Requested size: 172.5pt x 114.99918pt.
</home/dj-lawton/Documents/SF Lab Plots/Lab2 Plots/Ex1/THOM_vs_steps5.pdf, id=1
47, 433.62pt x 289.08pt>
File: /home/dj-lawton/Documents/SF Lab Plots/Lab2 Plots/Ex1/THOM_vs_steps5.pdf 
Graphic file (type pdf)
<use /home/dj-lawton/Documents/SF Lab Plots/Lab2 Plots/Ex1/THOM_vs_steps5.pdf>
Package pdftex.def Info: /home/dj-lawton/Documents/SF Lab Plots/Lab2 Plots/Ex1/
THOM_vs_steps5.pdf  used on input line 231.
(pdftex.def)             Requested size: 172.5pt x 114.99918pt.

Overfull \hbox (24.00003pt too wide) in paragraph at lines 230--233
 [] 
 []

[8 </home/dj-lawton/Documents/SF Lab Plots/Lab2 Plots/Ex1/THOM_vs_steps2.pdf> <
/home/dj-lawton/Documents/SF Lab Plots/Lab2 Plots/Ex1/THOM_vs_steps3.pdf> </hom
e/dj-lawton/Documents/SF Lab Plots/Lab2 Plots/Ex1/THOM_vs_steps4.pdf> </home/dj
-lawton/Documents/SF Lab Plots/Lab2 Plots/Ex1/THOM_vs_steps5.pdf>]
</home/dj-lawton/Documents/SF Lab Plots/Lab2 Plots/Ex2/THOMvsNsteps2nl.pdf, id=
235, 433.62pt x 289.08pt>
File: /home/dj-lawton/Documents/SF Lab Plots/Lab2 Plots/Ex2/THOMvsNsteps2nl.pdf
 Graphic file (type pdf)
<use /home/dj-lawton/Documents/SF Lab Plots/Lab2 Plots/Ex2/THOMvsNsteps2nl.pdf>

Package pdftex.def Info: /home/dj-lawton/Documents/SF Lab Plots/Lab2 Plots/Ex2/
THOMvsNsteps2nl.pdf  used on input line 242.
(pdftex.def)             Requested size: 172.5pt x 114.99918pt.
</home/dj-lawton/Documents/SF Lab Plots/Lab2 Plots/Ex2/THOMvsNsteps3nl.pdf, id=
236, 433.62pt x 289.08pt>
File: /home/dj-lawton/Documents/SF Lab Plots/Lab2 Plots/Ex2/THOMvsNsteps3nl.pdf
 Graphic file (type pdf)
<use /home/dj-lawton/Documents/SF Lab Plots/Lab2 Plots/Ex2/THOMvsNsteps3nl.pdf>

Package pdftex.def Info: /home/dj-lawton/Documents/SF Lab Plots/Lab2 Plots/Ex2/
THOMvsNsteps3nl.pdf  used on input line 242.
(pdftex.def)             Requested size: 172.5pt x 114.99918pt.

Overfull \hbox (24.00003pt too wide) in paragraph at lines 241--244
 [] 
 []


Underfull \hbox (badness 10000) in paragraph at lines 238--246

 []

</home/dj-lawton/Documents/SF Lab Plots/Lab2 Plots/Ex2/THOMvsNsteps4nl.pdf, id=
237, 433.62pt x 289.08pt>
File: /home/dj-lawton/Documents/SF Lab Plots/Lab2 Plots/Ex2/THOMvsNsteps4nl.pdf
 Graphic file (type pdf)
<use /home/dj-lawton/Documents/SF Lab Plots/Lab2 Plots/Ex2/THOMvsNsteps4nl.pdf>

Package pdftex.def Info: /home/dj-lawton/Documents/SF Lab Plots/Lab2 Plots/Ex2/
THOMvsNsteps4nl.pdf  used on input line 250.
(pdftex.def)             Requested size: 172.5pt x 114.99918pt.
</home/dj-lawton/Documents/SF Lab Plots/Lab2 Plots/Ex2/THOMvsNsteps5nl.pdf, id=
238, 433.62pt x 289.08pt>
File: /home/dj-lawton/Documents/SF Lab Plots/Lab2 Plots/Ex2/THOMvsNsteps5nl.pdf
 Graphic file (type pdf)
<use /home/dj-lawton/Documents/SF Lab Plots/Lab2 Plots/Ex2/THOMvsNsteps5nl.pdf>

Package pdftex.def Info: /home/dj-lawton/Documents/SF Lab Plots/Lab2 Plots/Ex2/
THOMvsNsteps5nl.pdf  used on input line 250.
(pdftex.def)             Requested size: 172.5pt x 114.99918pt.

Overfull \hbox (24.00003pt too wide) in paragraph at lines 249--252
 [] 
 []

</home/dj-lawton/Documents/SF Lab Plots/Lab2 Plots/Ex3/RungvsTrapnl.pdf, id=239
, 433.62pt x 289.08pt>
File: /home/dj-lawton/Documents/SF Lab Plots/Lab2 Plots/Ex3/RungvsTrapnl.pdf Gr
aphic file (type pdf)
<use /home/dj-lawton/Documents/SF Lab Plots/Lab2 Plots/Ex3/RungvsTrapnl.pdf>
Package pdftex.def Info: /home/dj-lawton/Documents/SF Lab Plots/Lab2 Plots/Ex3/
RungvsTrapnl.pdf  used on input line 260.
(pdftex.def)             Requested size: 276.00105pt x 184.00926pt.
[9 </home/dj-lawton/Documents/SF Lab Plots/Lab2 Plots/Ex2/THOMvsNsteps2nl.pdf> 
</home/dj-lawton/Documents/SF Lab Plots/Lab2 Plots/Ex2/THOMvsNsteps3nl.pdf> </h
ome/dj-lawton/Documents/SF Lab Plots/Lab2 Plots/Ex2/THOMvsNsteps4nl.pdf> </home
/dj-lawton/Documents/SF Lab Plots/Lab2 Plots/Ex2/THOMvsNsteps5nl.pdf>]
</home/dj-lawton/Documents/SF Lab Plots/Lab2 Plots/Ex4/THOMGraphs.pdf, id=327, 
433.62pt x 289.08pt>
File: /home/dj-lawton/Documents/SF Lab Plots/Lab2 Plots/Ex4/THOMGraphs.pdf Grap
hic file (type pdf)
<use /home/dj-lawton/Documents/SF Lab Plots/Lab2 Plots/Ex4/THOMGraphs.pdf>
Package pdftex.def Info: /home/dj-lawton/Documents/SF Lab Plots/Lab2 Plots/Ex4/
THOMGraphs.pdf  used on input line 270.
(pdftex.def)             Requested size: 172.5pt x 114.99918pt.
</home/dj-lawton/Documents/SF Lab Plots/Lab2 Plots/Ex4/THOMGraphDampPhase.pdf, 
id=328, 433.62pt x 289.08pt>
File: /home/dj-lawton/Documents/SF Lab Plots/Lab2 Plots/Ex4/THOMGraphDampPhase.
pdf Graphic file (type pdf)
<use /home/dj-lawton/Documents/SF Lab Plots/Lab2 Plots/Ex4/THOMGraphDampPhase.p
df>
Package pdftex.def Info: /home/dj-lawton/Documents/SF Lab Plots/Lab2 Plots/Ex4/
THOMGraphDampPhase.pdf  used on input line 270.
(pdftex.def)             Requested size: 172.5pt x 114.99918pt.

Overfull \hbox (24.00003pt too wide) in paragraph at lines 269--272
 [] 
 []

[10 </home/dj-lawton/Documents/SF Lab Plots/Lab2 Plots/Ex3/RungvsTrapnl.pdf> </
home/dj-lawton/Documents/SF Lab Plots/Lab2 Plots/Ex4/THOMGraphs.pdf> </home/dj-
lawton/Documents/SF Lab Plots/Lab2 Plots/Ex4/THOMGraphDampPhase.pdf>]
</home/dj-lawton/Documents/SF Lab Plots/Lab2 Plots/Ex5/THOMGraph3b.pdf, id=481,
 433.62pt x 289.08pt>
File: /home/dj-lawton/Documents/SF Lab Plots/Lab2 Plots/Ex5/THOMGraph3b.pdf Gra
phic file (type pdf)
<use /home/dj-lawton/Documents/SF Lab Plots/Lab2 Plots/Ex5/THOMGraph3b.pdf>
Package pdftex.def Info: /home/dj-lawton/Documents/SF Lab Plots/Lab2 Plots/Ex5/
THOMGraph3b.pdf  used on input line 281.
(pdftex.def)             Requested size: 172.5pt x 114.99918pt.
</home/dj-lawton/Documents/SF Lab Plots/Lab2 Plots/Ex5/THOMGraph4b.pdf, id=482,
 433.62pt x 289.08pt>
File: /home/dj-lawton/Documents/SF Lab Plots/Lab2 Plots/Ex5/THOMGraph4b.pdf Gra
phic file (type pdf)
<use /home/dj-lawton/Documents/SF Lab Plots/Lab2 Plots/Ex5/THOMGraph4b.pdf>
Package pdftex.def Info: /home/dj-lawton/Documents/SF Lab Plots/Lab2 Plots/Ex5/
THOMGraph4b.pdf  used on input line 281.
(pdftex.def)             Requested size: 172.5pt x 114.99918pt.

Overfull \hbox (24.00003pt too wide) in paragraph at lines 280--284
 [] 
 []

</home/dj-lawton/Documents/SF Lab Plots/Lab2 Plots/Ex5/THOMGraph5b.pdf, id=483,
 433.62pt x 289.08pt>
File: /home/dj-lawton/Documents/SF Lab Plots/Lab2 Plots/Ex5/THOMGraph5b.pdf Gra
phic file (type pdf)
<use /home/dj-lawton/Documents/SF Lab Plots/Lab2 Plots/Ex5/THOMGraph5b.pdf>
Package pdftex.def Info: /home/dj-lawton/Documents/SF Lab Plots/Lab2 Plots/Ex5/
THOMGraph5b.pdf  used on input line 289.
(pdftex.def)             Requested size: 207.0021pt x 138.00253pt.
[11 </home/dj-lawton/Documents/SF Lab Plots/Lab2 Plots/Ex5/THOMGraph3b.pdf> </h
ome/dj-lawton/Documents/SF Lab Plots/Lab2 Plots/Ex5/THOMGraph4b.pdf> </home/dj-
lawton/Documents/SF Lab Plots/Lab2 Plots/Ex5/THOMGraph5b.pdf>]
Underfull \hbox (badness 10000) in paragraph at lines 301--303

 []

[12]
LaTeX Font Info:    Trying to load font information for OMS+cmr on input line 3
52.
 (/usr/share/texlive/texmf-dist/tex/latex/base/omscmr.fd
File: omscmr.fd 2022/07/10 v2.5l Standard LaTeX font definitions
)
LaTeX Font Info:    Font shape `OMS/cmr/m/n' in size <10> not available
(Font)              Font shape `OMS/cmsy/m/n' tried instead on input line 352.

Overfull \hbox (21.00372pt too wide) in paragraph at lines 357--358
[][][][][][][][][][][][][][][][][][][][][][][] 
 []


Overfull \hbox (21.00372pt too wide) in paragraph at lines 358--359
[][][][][][][][][][][][][][][][][][][][][][][] 
 []

[13] [14]
Overfull \hbox (39.0039pt too wide) in paragraph at lines 446--447
[][][][][][][][][][][][][][][][][][][][][][][] 
 []

[15] [16] [17] [18]
Overfull \hbox (111.00464pt too wide) in paragraph at lines 635--636
[][][][][][][][][][][][][][][][][][][][][][][][][][][] 
 []

[19]
Overfull \hbox (21.00372pt too wide) in paragraph at lines 641--642
[][][][][][][][][][][][][][][][][][][][][][][][] 
 []


Overfull \hbox (33.00385pt too wide) in paragraph at lines 647--648
[][][][][][][][][][][][][][][][][][][][][][][] 
 []


Overfull \hbox (93.00446pt too wide) in paragraph at lines 650--651
[][][][][][][][][][][][][][][][][][][][][][][][] 
 []

[20] [21]
Overfull \hbox (99.00452pt too wide) in paragraph at lines 747--748
[][][][][][][][][][][][][][][][][][][][][][][][][][] 
 []

[22] (./Comp_Lab2_Report.aux) ) 
Here is how much of TeX's memory you used:
 5214 strings out of 478008
 95086 string characters out of 5839802
 1905330 words of memory out of 5000000
 25282 multiletter control sequences out of 15000+600000
 518351 words of font info for 53 fonts, out of 8000000 for 9000
 36 hyphenation exceptions out of 8191
 70i,13n,76p,1257b,1526s stack positions out of 10000i,1000n,20000p,200000b,200000s
 </home/dj-lawton/.texlive2022/texmf-var/fonts/p
k/ljfour/jknappen/ec/tcrm1000.600pk></usr/share/texlive/texmf-dist/fonts/type1/
public/amsfonts/cm/cmbx10.pfb></usr/share/texlive/texmf-dist/fonts/type1/public
/amsfonts/cm/cmbx12.pfb></usr/share/texlive/texmf-dist/fonts/type1/public/amsfo
nts/cm/cmmi10.pfb></usr/share/texlive/texmf-dist/fonts/type1/public/amsfonts/cm
/cmmi7.pfb></usr/share/texlive/texmf-dist/fonts/type1/public/amsfonts/cm/cmr10.
pfb></usr/share/texlive/texmf-dist/fonts/type1/public/amsfonts/cm/cmr12.pfb></u
sr/share/texlive/texmf-dist/fonts/type1/public/amsfonts/cm/cmr17.pfb></usr/shar
e/texlive/texmf-dist/fonts/type1/public/amsfonts/cm/cmr7.pfb></usr/share/texliv
e/texmf-dist/fonts/type1/public/amsfonts/cm/cmsy10.pfb></usr/share/texlive/texm
f-dist/fonts/type1/public/amsfonts/cm/cmti10.pfb>
Output written on Comp_Lab2_Report.pdf (22 pages, 9379206 bytes).
PDF statistics:
 734 PDF objects out of 1000 (max. 8388607)
 197 compressed objects within 2 object streams
 0 named destinations out of 1000 (max. 500000)
 91 words of extra memory for PDF output out of 10000 (max. 10000000)

